C51 COMPILER V9.52.0.0   DS18B20                                                           04/26/2018 00:25:42 PAGE 1   


C51 COMPILER V9.52.0.0, COMPILATION OF MODULE DS18B20
OBJECT MODULE PLACED IN ds18b20.OBJ
COMPILER INVOKED BY: C:\Keil\C51\BIN\C51.EXE ds18b20.c BROWSE DEBUG OBJECTEXTEND TABS(2)

line level    source

   1          #include "ds18b20.h"
   2          
   3          void Delay_OneWire(unsigned int t) {  
   4   1        int i;
   5   1        while(t--)  
   6   1          for(i = 0; i < 12; i++);  
   7   1      } 
   8          
   9          bit init_ds18b20()  
  10          {  
  11   1          bit initflag = 0;  
  12   1          DQ = 1;  
  13   1          Delay_OneWire(12);  
  14   1          DQ = 0;  
  15   1          Delay_OneWire(80);   
  16   1          DQ = 1;  
  17   1          Delay_OneWire(10);   
  18   1          initflag = DQ;      
  19   1          Delay_OneWire(5);  
  20   1          return initflag;  
  21   1      }  
  22                
  23                
  24          
  25          void Write_DS18B20(unsigned char dat) {  
  26   1          unsigned char i;  
  27   1          for(i=0;i<8;i++) {  
  28   2              DQ = 0;  
  29   2              DQ = dat&0x01;  
  30   2              Delay_OneWire(5);  
  31   2              DQ = 1;  
  32   2              dat >>= 1;    
  33   2          }  
  34   1          Delay_OneWire(5);  
  35   1      }  
  36                
  37          
  38          unsigned char Read_DS18B20(void) {  
  39   1          unsigned char i;  
  40   1          unsigned char dat;  
  41   1              
  42   1          for(i=0;i<8;i++) {  
  43   2              DQ = 0;  
  44   2              dat >>= 1;  
  45   2              DQ = 1;  
  46   2              if(DQ)
  47   2                  dat |= 0x80; 
  48   2              Delay_OneWire(5);  
  49   2          }  
  50   1          return dat;  
  51   1      }  
  52          
  53          //获取温度并返回
  54          int read_temperature()  
  55          {  
C51 COMPILER V9.52.0.0   DS18B20                                                           04/26/2018 00:25:42 PAGE 2   

  56   1        unsigned char low,high;  
  57   1        int temp;  
  58   1       
  59   1        init_ds18b20();  
  60   1        Write_DS18B20(0xcc);  
  61   1        Write_DS18B20(0x44);  
  62   1        Delay_OneWire(200);  
  63   1        init_ds18b20();  
  64   1        Write_DS18B20(0xcc);  
  65   1        Write_DS18B20(0xbe);  
  66   1        low=Read_DS18B20();  
  67   1        high=Read_DS18B20();  
  68   1        temp=(high&0x0f)<<8|low; 
  69   1        temp=temp*0.0625*10+0.5; 
  70   1        return temp;    
  71   1      } 


MODULE INFORMATION:   STATIC OVERLAYABLE
   CODE SIZE        =    209    ----
   CONSTANT SIZE    =   ----    ----
   XDATA SIZE       =   ----    ----
   PDATA SIZE       =   ----    ----
   DATA SIZE        =   ----       1
   IDATA SIZE       =   ----    ----
   BIT SIZE         =   ----       1
END OF MODULE INFORMATION.


C51 COMPILATION COMPLETE.  0 WARNING(S),  0 ERROR(S)
